<?xml version="1.0" encoding="UTF-8"?>
<testng-results skipped="0" failed="0" total="1" passed="1">
  <reporter-output>
  </reporter-output>
  <suite name="Default suite" duration-ms="10764" started-at="2021-03-27T23:41:50Z" finished-at="2021-03-27T23:42:01Z">
    <groups>
    </groups>
    <test name="Default test" duration-ms="10764" started-at="2021-03-27T23:41:50Z" finished-at="2021-03-27T23:42:01Z">
      <class name="example.NewClass">
        <test-method status="PASS" signature="TEST_2()[pri:0, instance:example.NewClass@bd1b6a]" name="TEST_2" duration-ms="10745" started-at="2021-03-28T05:11:50Z" finished-at="2021-03-28T05:12:01Z">
          <reporter-output>
          </reporter-output>
        </test-method> <!-- TEST_2 -->
      </class> <!-- example.NewClass -->
    </test> <!-- Default test -->
  </suite> <!-- Default suite -->
</testng-results>
